TN:
SF:contracts/action/UniswapV3LPActions.sol
DA:27,6
FN:27,UniswapV3LPActions.constructor
FNDA:6,UniswapV3LPActions.constructor
DA:28,6
DA:29,6
DA:35,777
FN:35,UniswapV3LPActions.mint
FNDA:777,UniswapV3LPActions.mint
DA:38,777
DA:47,777
DA:48,777
BRDA:48,0,0,777
DA:49,777
DA:55,777
DA:58,777
BRDA:58,1,0,777
DA:59,777
DA:65,777
DA:68,777
DA:83,777
DA:96,0
DA:99,0
FN:99,UniswapV3LPActions.burn
FNDA:0,UniswapV3LPActions.burn
DA:102,0
DA:104,0
DA:109,0
DA:112,258
FN:112,UniswapV3LPActions.collect
FNDA:258,UniswapV3LPActions.collect
DA:115,258
DA:116,258
DA:123,258
DA:131,0
DA:134,259
FN:134,UniswapV3LPActions.decreaseLiquidity
FNDA:259,UniswapV3LPActions.decreaseLiquidity
DA:137,259
DA:139,259
DA:148,259
DA:157,0
DA:160,259
FN:160,UniswapV3LPActions.increaseLiquidity
FNDA:259,UniswapV3LPActions.increaseLiquidity
DA:163,259
DA:176,259
DA:180,259
DA:189,259
DA:190,259
BRDA:190,2,0,259
DA:191,259
DA:196,259
DA:198,259
BRDA:198,3,0,259
DA:199,259
DA:204,259
DA:207,259
DA:217,259
DA:226,0
DA:233,1032
FN:233,UniswapV3LPActions.addLiqudity
FNDA:1032,UniswapV3LPActions.addLiqudity
DA:236,1032
DA:244,1032
BRDA:244,4,0,774
BRDA:244,4,1,258
DA:245,774
DA:246,774
DA:262,258
DA:263,258
DA:276,258
FN:276,UniswapV3LPActions.addLiqudityPercentage
FNDA:258,UniswapV3LPActions.addLiqudityPercentage
DA:279,258
DA:282,258
DA:292,258
DA:293,258
DA:309,258
FN:309,UniswapV3LPActions.removeLiquidity
FNDA:258,UniswapV3LPActions.removeLiquidity
DA:312,258
DA:321,258
BRDA:321,5,0,-
DA:322,0
DA:324,258
DA:326,258
DA:336,258
DA:344,0
DA:347,0
FN:347,UniswapV3LPActions.removeLiquidityPercentage
FNDA:0,UniswapV3LPActions.removeLiquidityPercentage
DA:350,0
DA:358,0
BRDA:358,6,0,-
DA:359,0
DA:362,0
DA:375,0
DA:377,0
DA:379,0
DA:382,0
DA:391,0
DA:400,0
BRDA:400,7,0,-
DA:401,0
DA:404,0
DA:410,1036
FN:410,UniswapV3LPActions._getExecutionNum
FNDA:1036,UniswapV3LPActions._getExecutionNum
DA:416,1036
DA:417,1036
DA:420,1290
FN:420,UniswapV3LPActions._findPosition
FNDA:1290,UniswapV3LPActions._findPosition
DA:428,1290
DA:431,1290
DA:432,516
DA:434,516
DA:447,516
DA:450,516
DA:451,516
DA:452,516
DA:453,516
DA:454,516
DA:455,516
BRDA:455,8,0,516
DA:456,516
DA:460,774
DA:463,2072
FN:463,UniswapV3LPActions._approveToken
FNDA:2072,UniswapV3LPActions._approveToken
DA:468,2072
DA:476,258
FN:476,UniswapV3LPActions._getPercentageAmountsForPossibleMax
FNDA:258,UniswapV3LPActions._getPercentageAmountsForPossibleMax
DA:486,258
DA:487,258
DA:489,258
DA:490,258
DA:493,258
DA:502,258
DA:503,258
DA:506,258
FN:506,UniswapV3LPActions._getMaxLiquidityAnAmounts
FNDA:258,UniswapV3LPActions._getMaxLiquidityAnAmounts
DA:517,258
DA:518,258
DA:520,258
BRDA:520,9,0,-
BRDA:520,9,1,258
DA:522,0
DA:528,0
DA:533,0
DA:534,258
BRDA:534,10,0,-
BRDA:534,10,1,258
DA:536,0
DA:542,0
DA:543,0
DA:550,258
DA:558,258
DA:564,258
DA:572,0
FN:572,UniswapV3LPActions.supportsInterface
FNDA:0,UniswapV3LPActions.supportsInterface
DA:573,0
FNF:16
FNH:13
LF:119
LH:88
BRF:14
BRH:9
end_of_record
TN:
SF:contracts/action/UniswapV3SwapActions.sol
DA:23,4
FN:23,UniswapV3SwapActions.constructor
FNDA:4,UniswapV3SwapActions.constructor
DA:24,4
DA:25,4
DA:32,516
FN:32,UniswapV3SwapActions.swapExactInputSingle
FNDA:516,UniswapV3SwapActions.swapExactInputSingle
DA:40,516
BRDA:40,0,0,258
BRDA:40,0,1,258
DA:41,258
DA:43,258
DA:44,258
DA:46,258
DA:47,258
DA:48,258
DA:49,258
DA:53,516
FN:53,UniswapV3SwapActions.swapExactInput
FNDA:516,UniswapV3SwapActions.swapExactInput
DA:58,516
DA:60,516
BRDA:60,1,0,258
BRDA:60,1,1,258
DA:61,258
DA:62,258
DA:63,258
DA:65,258
DA:66,258
DA:67,258
DA:68,258
DA:76,0
FN:76,UniswapV3SwapActions.swapInputSinglePercentage
FNDA:0,UniswapV3SwapActions.swapInputSinglePercentage
DA:83,0
DA:84,0
DA:86,0
DA:89,0
FN:89,UniswapV3SwapActions.swapInputPercentage
FNDA:0,UniswapV3SwapActions.swapInputPercentage
DA:94,0
DA:95,0
DA:96,0
DA:103,516
FN:103,UniswapV3SwapActions._approveToken
FNDA:516,UniswapV3SwapActions._approveToken
DA:108,516
DA:111,516
FN:111,UniswapV3SwapActions._getTokenIn
FNDA:516,UniswapV3SwapActions._getTokenIn
DA:112,516
DA:114,0
DA:116,0
DA:119,516
FN:119,UniswapV3SwapActions._swapExactInput
FNDA:516,UniswapV3SwapActions._swapExactInput
DA:126,516
DA:132,516
DA:135,516
FN:135,UniswapV3SwapActions._swapExactInputSingle
FNDA:516,UniswapV3SwapActions._swapExactInputSingle
DA:143,516
DA:153,516
DA:160,0
FN:160,UniswapV3SwapActions.supportsInterface
FNDA:0,UniswapV3SwapActions.supportsInterface
DA:161,0
FNF:10
FNH:7
LF:44
LH:32
BRF:4
BRH:4
end_of_record
